D:\Users\Desktop\project\stefkonoisyboy\SocialMediaForStudents\Web\StudentsSocialMedia.Web\Client\dist\out-tsc\e2e\src\app.po.js
D:\Users\Desktop\project\stefkonoisyboy\SocialMediaForStudents\Web\StudentsSocialMedia.Web\Client\dist\out-tsc\e2e\src\app.po.js.map
D:\Users\Desktop\project\stefkonoisyboy\SocialMediaForStudents\Web\StudentsSocialMedia.Web\Client\dist\out-tsc\e2e\src\app.e2e-spec.js
D:\Users\Desktop\project\stefkonoisyboy\SocialMediaForStudents\Web\StudentsSocialMedia.Web\Client\dist\out-tsc\e2e\src\app.e2e-spec.js.map
D:\Users\Desktop\project\stefkonoisyboy\SocialMediaForStudents\Web\StudentsSocialMedia.Web\Client\dist\out-tsc\src\app\common\global-constants.js
D:\Users\Desktop\project\stefkonoisyboy\SocialMediaForStudents\Web\StudentsSocialMedia.Web\Client\dist\out-tsc\src\app\common\global-constants.js.map
D:\Users\Desktop\project\stefkonoisyboy\SocialMediaForStudents\Web\StudentsSocialMedia.Web\Client\dist\out-tsc\src\app\shared\models\user.js
D:\Users\Desktop\project\stefkonoisyboy\SocialMediaForStudents\Web\StudentsSocialMedia.Web\Client\dist\out-tsc\src\app\shared\models\user.js.map
D:\Users\Desktop\project\stefkonoisyboy\SocialMediaForStudents\Web\StudentsSocialMedia.Web\Client\dist\out-tsc\src\app\core\services\auth.service.js
D:\Users\Desktop\project\stefkonoisyboy\SocialMediaForStudents\Web\StudentsSocialMedia.Web\Client\dist\out-tsc\src\app\core\services\auth.service.js.map
D:\Users\Desktop\project\stefkonoisyboy\SocialMediaForStudents\Web\StudentsSocialMedia.Web\Client\dist\out-tsc\src\app\auth\sign-in\sign-in.component.js
D:\Users\Desktop\project\stefkonoisyboy\SocialMediaForStudents\Web\StudentsSocialMedia.Web\Client\dist\out-tsc\src\app\auth\sign-in\sign-in.component.js.map
D:\Users\Desktop\project\stefkonoisyboy\SocialMediaForStudents\Web\StudentsSocialMedia.Web\Client\dist\out-tsc\src\app\common\confirmed.validator.js
D:\Users\Desktop\project\stefkonoisyboy\SocialMediaForStudents\Web\StudentsSocialMedia.Web\Client\dist\out-tsc\src\app\common\confirmed.validator.js.map
D:\Users\Desktop\project\stefkonoisyboy\SocialMediaForStudents\Web\StudentsSocialMedia.Web\Client\dist\out-tsc\src\app\auth\sign-up\sign-up.component.js
D:\Users\Desktop\project\stefkonoisyboy\SocialMediaForStudents\Web\StudentsSocialMedia.Web\Client\dist\out-tsc\src\app\auth\sign-up\sign-up.component.js.map
D:\Users\Desktop\project\stefkonoisyboy\SocialMediaForStudents\Web\StudentsSocialMedia.Web\Client\dist\out-tsc\src\app\components\comments\comments-create\comments-create.component.js
D:\Users\Desktop\project\stefkonoisyboy\SocialMediaForStudents\Web\StudentsSocialMedia.Web\Client\dist\out-tsc\src\app\components\comments\comments-create\comments-create.component.js.map
D:\Users\Desktop\project\stefkonoisyboy\SocialMediaForStudents\Web\StudentsSocialMedia.Web\Client\dist\out-tsc\src\app\components\comments\comments-list\comments-list.component.js
D:\Users\Desktop\project\stefkonoisyboy\SocialMediaForStudents\Web\StudentsSocialMedia.Web\Client\dist\out-tsc\src\app\components\comments\comments-list\comments-list.component.js.map
D:\Users\Desktop\project\stefkonoisyboy\SocialMediaForStudents\Web\StudentsSocialMedia.Web\Client\dist\out-tsc\src\app\components\home\home-create\home-create.component.js
D:\Users\Desktop\project\stefkonoisyboy\SocialMediaForStudents\Web\StudentsSocialMedia.Web\Client\dist\out-tsc\src\app\components\home\home-create\home-create.component.js.map
D:\Users\Desktop\project\stefkonoisyboy\SocialMediaForStudents\Web\StudentsSocialMedia.Web\Client\dist\out-tsc\src\app\components\home\home-list\home-list.component.js
D:\Users\Desktop\project\stefkonoisyboy\SocialMediaForStudents\Web\StudentsSocialMedia.Web\Client\dist\out-tsc\src\app\components\home\home-list\home-list.component.js.map
D:\Users\Desktop\project\stefkonoisyboy\SocialMediaForStudents\Web\StudentsSocialMedia.Web\Client\dist\out-tsc\src\app\components\posts\posts-create\posts-create.component.js
D:\Users\Desktop\project\stefkonoisyboy\SocialMediaForStudents\Web\StudentsSocialMedia.Web\Client\dist\out-tsc\src\app\components\posts\posts-create\posts-create.component.js.map
D:\Users\Desktop\project\stefkonoisyboy\SocialMediaForStudents\Web\StudentsSocialMedia.Web\Client\dist\out-tsc\src\app\components\posts\posts-list\posts-list.component.js
D:\Users\Desktop\project\stefkonoisyboy\SocialMediaForStudents\Web\StudentsSocialMedia.Web\Client\dist\out-tsc\src\app\components\posts\posts-list\posts-list.component.js.map
D:\Users\Desktop\project\stefkonoisyboy\SocialMediaForStudents\Web\StudentsSocialMedia.Web\Client\dist\out-tsc\src\app\components\profiles\profiles-create\profiles-create.component.js
D:\Users\Desktop\project\stefkonoisyboy\SocialMediaForStudents\Web\StudentsSocialMedia.Web\Client\dist\out-tsc\src\app\components\profiles\profiles-create\profiles-create.component.js.map
D:\Users\Desktop\project\stefkonoisyboy\SocialMediaForStudents\Web\StudentsSocialMedia.Web\Client\dist\out-tsc\src\app\components\profiles\profiles-list\profiles-list.component.js
D:\Users\Desktop\project\stefkonoisyboy\SocialMediaForStudents\Web\StudentsSocialMedia.Web\Client\dist\out-tsc\src\app\components\profiles\profiles-list\profiles-list.component.js.map
D:\Users\Desktop\project\stefkonoisyboy\SocialMediaForStudents\Web\StudentsSocialMedia.Web\Client\dist\out-tsc\src\app\components\replies\replies-create\replies-create.component.js
D:\Users\Desktop\project\stefkonoisyboy\SocialMediaForStudents\Web\StudentsSocialMedia.Web\Client\dist\out-tsc\src\app\components\replies\replies-create\replies-create.component.js.map
D:\Users\Desktop\project\stefkonoisyboy\SocialMediaForStudents\Web\StudentsSocialMedia.Web\Client\dist\out-tsc\src\app\components\replies\replies-list\replies-list.component.js
D:\Users\Desktop\project\stefkonoisyboy\SocialMediaForStudents\Web\StudentsSocialMedia.Web\Client\dist\out-tsc\src\app\components\replies\replies-list\replies-list.component.js.map
D:\Users\Desktop\project\stefkonoisyboy\SocialMediaForStudents\Web\StudentsSocialMedia.Web\Client\dist\out-tsc\src\app\components\settings\settings-create\settings-create.component.js
D:\Users\Desktop\project\stefkonoisyboy\SocialMediaForStudents\Web\StudentsSocialMedia.Web\Client\dist\out-tsc\src\app\components\settings\settings-create\settings-create.component.js.map
D:\Users\Desktop\project\stefkonoisyboy\SocialMediaForStudents\Web\StudentsSocialMedia.Web\Client\dist\out-tsc\src\app\components\settings\settings-list\settings-list.component.js
D:\Users\Desktop\project\stefkonoisyboy\SocialMediaForStudents\Web\StudentsSocialMedia.Web\Client\dist\out-tsc\src\app\components\settings\settings-list\settings-list.component.js.map
D:\Users\Desktop\project\stefkonoisyboy\SocialMediaForStudents\Web\StudentsSocialMedia.Web\Client\dist\out-tsc\src\app\home\home.component.js
D:\Users\Desktop\project\stefkonoisyboy\SocialMediaForStudents\Web\StudentsSocialMedia.Web\Client\dist\out-tsc\src\app\home\home.component.js.map
D:\Users\Desktop\project\stefkonoisyboy\SocialMediaForStudents\Web\StudentsSocialMedia.Web\Client\dist\out-tsc\src\app\app-routing.module.js
D:\Users\Desktop\project\stefkonoisyboy\SocialMediaForStudents\Web\StudentsSocialMedia.Web\Client\dist\out-tsc\src\app\app-routing.module.js.map
D:\Users\Desktop\project\stefkonoisyboy\SocialMediaForStudents\Web\StudentsSocialMedia.Web\Client\dist\out-tsc\src\app\app.component.js
D:\Users\Desktop\project\stefkonoisyboy\SocialMediaForStudents\Web\StudentsSocialMedia.Web\Client\dist\out-tsc\src\app\app.component.js.map
D:\Users\Desktop\project\stefkonoisyboy\SocialMediaForStudents\Web\StudentsSocialMedia.Web\Client\dist\out-tsc\src\app\shared\footer\footer.component.js
D:\Users\Desktop\project\stefkonoisyboy\SocialMediaForStudents\Web\StudentsSocialMedia.Web\Client\dist\out-tsc\src\app\shared\footer\footer.component.js.map
D:\Users\Desktop\project\stefkonoisyboy\SocialMediaForStudents\Web\StudentsSocialMedia.Web\Client\dist\out-tsc\src\app\shared\nav-bar\nav-bar.component.js
D:\Users\Desktop\project\stefkonoisyboy\SocialMediaForStudents\Web\StudentsSocialMedia.Web\Client\dist\out-tsc\src\app\shared\nav-bar\nav-bar.component.js.map
D:\Users\Desktop\project\stefkonoisyboy\SocialMediaForStudents\Web\StudentsSocialMedia.Web\Client\dist\out-tsc\src\app\core\interceptors\jwt.interceptor.js
D:\Users\Desktop\project\stefkonoisyboy\SocialMediaForStudents\Web\StudentsSocialMedia.Web\Client\dist\out-tsc\src\app\core\interceptors\jwt.interceptor.js.map
D:\Users\Desktop\project\stefkonoisyboy\SocialMediaForStudents\Web\StudentsSocialMedia.Web\Client\dist\out-tsc\src\environments\environment.js
D:\Users\Desktop\project\stefkonoisyboy\SocialMediaForStudents\Web\StudentsSocialMedia.Web\Client\dist\out-tsc\src\environments\environment.js.map
D:\Users\Desktop\project\stefkonoisyboy\SocialMediaForStudents\Web\StudentsSocialMedia.Web\Client\dist\out-tsc\src\app\core\interceptors\base-url.interceptor.js
D:\Users\Desktop\project\stefkonoisyboy\SocialMediaForStudents\Web\StudentsSocialMedia.Web\Client\dist\out-tsc\src\app\core\interceptors\base-url.interceptor.js.map
D:\Users\Desktop\project\stefkonoisyboy\SocialMediaForStudents\Web\StudentsSocialMedia.Web\Client\dist\out-tsc\src\app\app.module.js
D:\Users\Desktop\project\stefkonoisyboy\SocialMediaForStudents\Web\StudentsSocialMedia.Web\Client\dist\out-tsc\src\app\app.module.js.map
D:\Users\Desktop\project\stefkonoisyboy\SocialMediaForStudents\Web\StudentsSocialMedia.Web\Client\dist\out-tsc\src\main.js
D:\Users\Desktop\project\stefkonoisyboy\SocialMediaForStudents\Web\StudentsSocialMedia.Web\Client\dist\out-tsc\src\main.js.map
D:\Users\Desktop\project\stefkonoisyboy\SocialMediaForStudents\Web\StudentsSocialMedia.Web\Client\dist\out-tsc\src\polyfills.js
D:\Users\Desktop\project\stefkonoisyboy\SocialMediaForStudents\Web\StudentsSocialMedia.Web\Client\dist\out-tsc\src\polyfills.js.map
D:\Users\Desktop\project\stefkonoisyboy\SocialMediaForStudents\Web\StudentsSocialMedia.Web\Client\dist\out-tsc\src\test.js
D:\Users\Desktop\project\stefkonoisyboy\SocialMediaForStudents\Web\StudentsSocialMedia.Web\Client\dist\out-tsc\src\test.js.map
D:\Users\Desktop\project\stefkonoisyboy\SocialMediaForStudents\Web\StudentsSocialMedia.Web\Client\dist\out-tsc\src\app\app.component.spec.js
D:\Users\Desktop\project\stefkonoisyboy\SocialMediaForStudents\Web\StudentsSocialMedia.Web\Client\dist\out-tsc\src\app\app.component.spec.js.map
D:\Users\Desktop\project\stefkonoisyboy\SocialMediaForStudents\Web\StudentsSocialMedia.Web\Client\dist\out-tsc\src\app\auth\sign-in\sign-in.component.spec.js
D:\Users\Desktop\project\stefkonoisyboy\SocialMediaForStudents\Web\StudentsSocialMedia.Web\Client\dist\out-tsc\src\app\auth\sign-in\sign-in.component.spec.js.map
D:\Users\Desktop\project\stefkonoisyboy\SocialMediaForStudents\Web\StudentsSocialMedia.Web\Client\dist\out-tsc\src\app\auth\sign-up\sign-up.component.spec.js
D:\Users\Desktop\project\stefkonoisyboy\SocialMediaForStudents\Web\StudentsSocialMedia.Web\Client\dist\out-tsc\src\app\auth\sign-up\sign-up.component.spec.js.map
D:\Users\Desktop\project\stefkonoisyboy\SocialMediaForStudents\Web\StudentsSocialMedia.Web\Client\dist\out-tsc\src\app\common\model-constants.js
D:\Users\Desktop\project\stefkonoisyboy\SocialMediaForStudents\Web\StudentsSocialMedia.Web\Client\dist\out-tsc\src\app\common\model-constants.js.map
D:\Users\Desktop\project\stefkonoisyboy\SocialMediaForStudents\Web\StudentsSocialMedia.Web\Client\dist\out-tsc\src\app\common\paginator.js
D:\Users\Desktop\project\stefkonoisyboy\SocialMediaForStudents\Web\StudentsSocialMedia.Web\Client\dist\out-tsc\src\app\common\paginator.js.map
D:\Users\Desktop\project\stefkonoisyboy\SocialMediaForStudents\Web\StudentsSocialMedia.Web\Client\dist\out-tsc\src\app\components\comments\comments-create\comments-create.component.spec.js
D:\Users\Desktop\project\stefkonoisyboy\SocialMediaForStudents\Web\StudentsSocialMedia.Web\Client\dist\out-tsc\src\app\components\comments\comments-create\comments-create.component.spec.js.map
D:\Users\Desktop\project\stefkonoisyboy\SocialMediaForStudents\Web\StudentsSocialMedia.Web\Client\dist\out-tsc\src\app\components\comments\comments-list\comments-list.component.spec.js
D:\Users\Desktop\project\stefkonoisyboy\SocialMediaForStudents\Web\StudentsSocialMedia.Web\Client\dist\out-tsc\src\app\components\comments\comments-list\comments-list.component.spec.js.map
D:\Users\Desktop\project\stefkonoisyboy\SocialMediaForStudents\Web\StudentsSocialMedia.Web\Client\dist\out-tsc\src\app\components\home\home-create\home-create.component.spec.js
D:\Users\Desktop\project\stefkonoisyboy\SocialMediaForStudents\Web\StudentsSocialMedia.Web\Client\dist\out-tsc\src\app\components\home\home-create\home-create.component.spec.js.map
D:\Users\Desktop\project\stefkonoisyboy\SocialMediaForStudents\Web\StudentsSocialMedia.Web\Client\dist\out-tsc\src\app\components\home\home-list\home-list.component.spec.js
D:\Users\Desktop\project\stefkonoisyboy\SocialMediaForStudents\Web\StudentsSocialMedia.Web\Client\dist\out-tsc\src\app\components\home\home-list\home-list.component.spec.js.map
D:\Users\Desktop\project\stefkonoisyboy\SocialMediaForStudents\Web\StudentsSocialMedia.Web\Client\dist\out-tsc\src\app\components\posts\posts-create\posts-create.component.spec.js
D:\Users\Desktop\project\stefkonoisyboy\SocialMediaForStudents\Web\StudentsSocialMedia.Web\Client\dist\out-tsc\src\app\components\posts\posts-create\posts-create.component.spec.js.map
D:\Users\Desktop\project\stefkonoisyboy\SocialMediaForStudents\Web\StudentsSocialMedia.Web\Client\dist\out-tsc\src\app\components\posts\posts-list\posts-list.component.spec.js
D:\Users\Desktop\project\stefkonoisyboy\SocialMediaForStudents\Web\StudentsSocialMedia.Web\Client\dist\out-tsc\src\app\components\posts\posts-list\posts-list.component.spec.js.map
D:\Users\Desktop\project\stefkonoisyboy\SocialMediaForStudents\Web\StudentsSocialMedia.Web\Client\dist\out-tsc\src\app\components\profiles\profiles-create\profiles-create.component.spec.js
D:\Users\Desktop\project\stefkonoisyboy\SocialMediaForStudents\Web\StudentsSocialMedia.Web\Client\dist\out-tsc\src\app\components\profiles\profiles-create\profiles-create.component.spec.js.map
D:\Users\Desktop\project\stefkonoisyboy\SocialMediaForStudents\Web\StudentsSocialMedia.Web\Client\dist\out-tsc\src\app\components\profiles\profiles-list\profiles-list.component.spec.js
D:\Users\Desktop\project\stefkonoisyboy\SocialMediaForStudents\Web\StudentsSocialMedia.Web\Client\dist\out-tsc\src\app\components\profiles\profiles-list\profiles-list.component.spec.js.map
D:\Users\Desktop\project\stefkonoisyboy\SocialMediaForStudents\Web\StudentsSocialMedia.Web\Client\dist\out-tsc\src\app\components\replies\replies-create\replies-create.component.spec.js
D:\Users\Desktop\project\stefkonoisyboy\SocialMediaForStudents\Web\StudentsSocialMedia.Web\Client\dist\out-tsc\src\app\components\replies\replies-create\replies-create.component.spec.js.map
D:\Users\Desktop\project\stefkonoisyboy\SocialMediaForStudents\Web\StudentsSocialMedia.Web\Client\dist\out-tsc\src\app\components\replies\replies-list\replies-list.component.spec.js
D:\Users\Desktop\project\stefkonoisyboy\SocialMediaForStudents\Web\StudentsSocialMedia.Web\Client\dist\out-tsc\src\app\components\replies\replies-list\replies-list.component.spec.js.map
D:\Users\Desktop\project\stefkonoisyboy\SocialMediaForStudents\Web\StudentsSocialMedia.Web\Client\dist\out-tsc\src\app\components\settings\settings-create\settings-create.component.spec.js
D:\Users\Desktop\project\stefkonoisyboy\SocialMediaForStudents\Web\StudentsSocialMedia.Web\Client\dist\out-tsc\src\app\components\settings\settings-create\settings-create.component.spec.js.map
D:\Users\Desktop\project\stefkonoisyboy\SocialMediaForStudents\Web\StudentsSocialMedia.Web\Client\dist\out-tsc\src\app\components\settings\settings-list\settings-list.component.spec.js
D:\Users\Desktop\project\stefkonoisyboy\SocialMediaForStudents\Web\StudentsSocialMedia.Web\Client\dist\out-tsc\src\app\components\settings\settings-list\settings-list.component.spec.js.map
D:\Users\Desktop\project\stefkonoisyboy\SocialMediaForStudents\Web\StudentsSocialMedia.Web\Client\dist\out-tsc\src\app\core\guards\auth.guard.ts.js
D:\Users\Desktop\project\stefkonoisyboy\SocialMediaForStudents\Web\StudentsSocialMedia.Web\Client\dist\out-tsc\src\app\core\guards\auth.guard.ts.js.map
D:\Users\Desktop\project\stefkonoisyboy\SocialMediaForStudents\Web\StudentsSocialMedia.Web\Client\dist\out-tsc\src\app\core\services\auth.service.spec.js
D:\Users\Desktop\project\stefkonoisyboy\SocialMediaForStudents\Web\StudentsSocialMedia.Web\Client\dist\out-tsc\src\app\core\services\auth.service.spec.js.map
D:\Users\Desktop\project\stefkonoisyboy\SocialMediaForStudents\Web\StudentsSocialMedia.Web\Client\dist\out-tsc\src\app\home\home.component.spec.js
D:\Users\Desktop\project\stefkonoisyboy\SocialMediaForStudents\Web\StudentsSocialMedia.Web\Client\dist\out-tsc\src\app\home\home.component.spec.js.map
D:\Users\Desktop\project\stefkonoisyboy\SocialMediaForStudents\Web\StudentsSocialMedia.Web\Client\dist\out-tsc\src\app\shared\footer\footer.component.spec.js
D:\Users\Desktop\project\stefkonoisyboy\SocialMediaForStudents\Web\StudentsSocialMedia.Web\Client\dist\out-tsc\src\app\shared\footer\footer.component.spec.js.map
D:\Users\Desktop\project\stefkonoisyboy\SocialMediaForStudents\Web\StudentsSocialMedia.Web\Client\dist\out-tsc\src\app\shared\nav-bar\nav-bar.component.spec.js
D:\Users\Desktop\project\stefkonoisyboy\SocialMediaForStudents\Web\StudentsSocialMedia.Web\Client\dist\out-tsc\src\app\shared\nav-bar\nav-bar.component.spec.js.map
D:\Users\Desktop\project\stefkonoisyboy\SocialMediaForStudents\Web\StudentsSocialMedia.Web\Client\dist\out-tsc\src\environments\environment.prod.js
D:\Users\Desktop\project\stefkonoisyboy\SocialMediaForStudents\Web\StudentsSocialMedia.Web\Client\dist\out-tsc\src\environments\environment.prod.js.map
